<?xml version="1.0" encoding="UTF-8"?>
<!-- Generated by org.testng.reporters.JUnitReportReporter -->
<testsuite hostname="Swati-PC" name="com.vtiger.leadTest.LeadTest" tests="1" failures="0" timestamp="16 May 2018 13:59:23 GMT" time="41.812" errors="0">
  <testcase name="createLeadTest" time="41.812" classname="com.vtiger.leadTest.LeadTest"/>
</testsuite> <!-- com.vtiger.leadTest.LeadTest -->
