<?xml version="1.0" encoding="UTF-8"?>
<!-- Generated by org.testng.reporters.JUnitReportReporter -->
<testsuite hostname="home" name="com.vtiger.leadTest.LeadTest" tests="1" failures="0" timestamp="16 May 2018 18:30:27 GMT" time="36.236" errors="0">
  <testcase name="createLeadTest" time="36.236" classname="com.vtiger.leadTest.LeadTest"/>
</testsuite> <!-- com.vtiger.leadTest.LeadTest -->
